<?xml version="1.0" encoding="UTF-8"?>
<!-- Generated by org.testng.reporters.JUnitXMLReporter -->
<testsuite ignored="0" hostname="XtremeLite-PC" failures="2" tests="2" name="Test(failed)" time="0.047" errors="0" timestamp="06 Feb 2025 16:01:47 GMT">
  <testcase classname="com.testng.TestNgOne" name="browserlaun" time="0.015">
    <failure type="java.lang.AssertionError" message="expected [false] but found [true]">
      <![CDATA[java.lang.AssertionError: expected [false] but found [true]
at com.testng.TestNgOne.browserlaun(TestNgOne.java:17)
... Removed 29 stack frames]]>
    </failure>
  </testcase> <!-- browserlaun -->
  <testcase classname="com.testng.TestNgOne" name="Mujeeb" time="0.002">
    <failure type="java.lang.AssertionError" message="expected [false] but found [true]">
      <![CDATA[java.lang.AssertionError: expected [false] but found [true]
at com.testng.TestNgOne.Mujeeb(TestNgOne.java:22)
... Removed 29 stack frames]]>
    </failure>
  </testcase> <!-- Mujeeb -->
</testsuite> <!-- Test(failed) -->
