<?xml version="1.0" encoding="UTF-8"?>
<testng-results ignored="0" total="2" passed="2" failed="0" skipped="0">
  <reporter-output>
  </reporter-output>
  <suite started-at="2025-06-14T12:19:33Z" name="Suite" finished-at="2025-06-14T12:20:21Z" duration-ms="48335">
    <groups>
    </groups>
    <test started-at="2025-06-14T12:19:33Z" name="Test" finished-at="2025-06-14T12:20:21Z" duration-ms="48335">
      <class name="com.testng.A">
        <test-method signature="method(java.lang.String, java.lang.String)[pri:0, instance:com.testng.A@1c9b0314]" started-at="2025-06-14T12:19:33Z" name="method" data-provider="testdata" finished-at="2025-06-14T12:20:17Z" duration-ms="44253" status="PASS">
          <params>
            <param index="0">
              <value>
                <![CDATA[mujju@gmail.com]]>
              </value>
            </param>
            <param index="1">
              <value>
                <![CDATA[mujju@123]]>
              </value>
            </param>
          </params>
          <reporter-output>
          </reporter-output>
        </test-method> <!-- method -->
        <test-method signature="method(java.lang.String, java.lang.String)[pri:0, instance:com.testng.A@1c9b0314]" started-at="2025-06-14T12:20:17Z" name="method" data-provider="testdata" finished-at="2025-06-14T12:20:21Z" duration-ms="4041" status="PASS">
          <params>
            <param index="0">
              <value>
                <![CDATA[raja@gmail.com]]>
              </value>
            </param>
            <param index="1">
              <value>
                <![CDATA[raja@123]]>
              </value>
            </param>
          </params>
          <reporter-output>
          </reporter-output>
        </test-method> <!-- method -->
      </class> <!-- com.testng.A -->
    </test> <!-- Test -->
  </suite> <!-- Suite -->
</testng-results>
